<?xml version="1.0" encoding="UTF-8"?>
<testng-results ignored="0" total="10" passed="8" failed="2" skipped="0">
  <reporter-output>
  </reporter-output>
  <suite started-at="2022-05-02T20:45:12 IST" name="Suite" finished-at="2022-05-02T20:47:46 IST" duration-ms="153303">
    <groups>
    </groups>
    <test started-at="2022-05-02T20:45:12 IST" name="Test" finished-at="2022-05-02T20:47:46 IST" duration-ms="153303">
      <class name="com.demoOpencart.testCases.TC_SortingTest">
        <test-method is-config="true" signature="setup(java.lang.String)[pri:0, instance:com.demoOpencart.testCases.TC_SortingTest@2e6a8155]" started-at="2022-05-02T20:47:32 IST" name="setup" finished-at="2022-05-02T20:47:37 IST" duration-ms="5495" status="PASS">
          <params>
            <param index="0">
              <value>
                <![CDATA[chrome]]>
              </value>
            </param>
          </params>
          <reporter-output>
          </reporter-output>
        </test-method> <!-- setup -->
        <test-method signature="sortingTest()[pri:0, instance:com.demoOpencart.testCases.TC_SortingTest@2e6a8155]" started-at="2022-05-02T20:47:37 IST" name="sortingTest" finished-at="2022-05-02T20:47:45 IST" duration-ms="7548" status="PASS">
          <reporter-output>
          </reporter-output>
        </test-method> <!-- sortingTest -->
        <test-method is-config="true" signature="tearDown()[pri:0, instance:com.demoOpencart.testCases.TC_SortingTest@2e6a8155]" started-at="2022-05-02T20:47:45 IST" name="tearDown" finished-at="2022-05-02T20:47:46 IST" duration-ms="736" status="PASS">
          <reporter-output>
          </reporter-output>
        </test-method> <!-- tearDown -->
      </class> <!-- com.demoOpencart.testCases.TC_SortingTest -->
      <class name="com.demoOpencart.testCases.TC_WishListTest">
        <test-method is-config="true" signature="setup(java.lang.String)[pri:0, instance:com.demoOpencart.testCases.TC_WishListTest@51c668e3]" started-at="2022-05-02T20:47:15 IST" name="setup" finished-at="2022-05-02T20:47:21 IST" duration-ms="5515" status="PASS">
          <params>
            <param index="0">
              <value>
                <![CDATA[chrome]]>
              </value>
            </param>
          </params>
          <reporter-output>
          </reporter-output>
        </test-method> <!-- setup -->
        <test-method signature="wishListTest()[pri:0, instance:com.demoOpencart.testCases.TC_WishListTest@51c668e3]" started-at="2022-05-02T20:47:21 IST" name="wishListTest" finished-at="2022-05-02T20:47:31 IST" duration-ms="10472" status="PASS">
          <reporter-output>
          </reporter-output>
        </test-method> <!-- wishListTest -->
        <test-method is-config="true" signature="tearDown()[pri:0, instance:com.demoOpencart.testCases.TC_WishListTest@51c668e3]" started-at="2022-05-02T20:47:31 IST" name="tearDown" finished-at="2022-05-02T20:47:32 IST" duration-ms="794" status="PASS">
          <reporter-output>
          </reporter-output>
        </test-method> <!-- tearDown -->
      </class> <!-- com.demoOpencart.testCases.TC_WishListTest -->
      <class name="com.demoOpencart.testCases.TC_RegistrationTest">
        <test-method is-config="true" signature="setup(java.lang.String)[pri:0, instance:com.demoOpencart.testCases.TC_RegistrationTest@a38c7fe]" started-at="2022-05-02T20:46:28 IST" name="setup" finished-at="2022-05-02T20:46:34 IST" duration-ms="5662" status="PASS">
          <params>
            <param index="0">
              <value>
                <![CDATA[chrome]]>
              </value>
            </param>
          </params>
          <reporter-output>
          </reporter-output>
        </test-method> <!-- setup -->
        <test-method signature="registrationTest()[pri:0, instance:com.demoOpencart.testCases.TC_RegistrationTest@a38c7fe]" started-at="2022-05-02T20:46:34 IST" name="registrationTest" finished-at="2022-05-02T20:46:39 IST" duration-ms="5107" status="PASS">
          <reporter-output>
          </reporter-output>
        </test-method> <!-- registrationTest -->
        <test-method is-config="true" signature="tearDown()[pri:0, instance:com.demoOpencart.testCases.TC_RegistrationTest@a38c7fe]" started-at="2022-05-02T20:46:39 IST" name="tearDown" finished-at="2022-05-02T20:46:39 IST" duration-ms="672" status="PASS">
          <reporter-output>
          </reporter-output>
        </test-method> <!-- tearDown -->
      </class> <!-- com.demoOpencart.testCases.TC_RegistrationTest -->
      <class name="com.demoOpencart.testCases.TC_LoginDDT_002">
        <test-method is-config="true" signature="setup(java.lang.String)[pri:0, instance:com.demoOpencart.testCases.TC_LoginDDT_002@4d5650ae]" started-at="2022-05-02T20:45:29 IST" name="setup" finished-at="2022-05-02T20:45:35 IST" duration-ms="6054" status="PASS">
          <params>
            <param index="0">
              <value>
                <![CDATA[chrome]]>
              </value>
            </param>
          </params>
          <reporter-output>
          </reporter-output>
        </test-method> <!-- setup -->
        <test-method signature="loginDDT(java.lang.String,java.lang.String)[pri:0, instance:com.demoOpencart.testCases.TC_LoginDDT_002@4d5650ae]" started-at="2022-05-02T20:45:37 IST" name="loginDDT" data-provider="LoginData" finished-at="2022-05-02T20:45:50 IST" duration-ms="12488" status="PASS">
          <params>
            <param index="0">
              <value>
                <![CDATA[uname1@gmail.com]]>
              </value>
            </param>
            <param index="1">
              <value>
                <![CDATA[Pass@123]]>
              </value>
            </param>
          </params>
          <reporter-output>
          </reporter-output>
        </test-method> <!-- loginDDT -->
        <test-method signature="loginDDT(java.lang.String,java.lang.String)[pri:0, instance:com.demoOpencart.testCases.TC_LoginDDT_002@4d5650ae]" started-at="2022-05-02T20:45:50 IST" name="loginDDT" data-provider="LoginData" finished-at="2022-05-02T20:46:02 IST" duration-ms="12488" status="PASS">
          <params>
            <param index="0">
              <value>
                <![CDATA[uname2@gmail.com]]>
              </value>
            </param>
            <param index="1">
              <value>
                <![CDATA[Pass@234]]>
              </value>
            </param>
          </params>
          <reporter-output>
          </reporter-output>
        </test-method> <!-- loginDDT -->
        <test-method signature="loginDDT(java.lang.String,java.lang.String)[pri:0, instance:com.demoOpencart.testCases.TC_LoginDDT_002@4d5650ae]" started-at="2022-05-02T20:46:02 IST" name="loginDDT" data-provider="LoginData" finished-at="2022-05-02T20:46:14 IST" duration-ms="12400" status="PASS">
          <params>
            <param index="0">
              <value>
                <![CDATA[uname3@gmail.com]]>
              </value>
            </param>
            <param index="1">
              <value>
                <![CDATA[Pass@456]]>
              </value>
            </param>
          </params>
          <reporter-output>
          </reporter-output>
        </test-method> <!-- loginDDT -->
        <test-method signature="loginDDT(java.lang.String,java.lang.String)[pri:0, instance:com.demoOpencart.testCases.TC_LoginDDT_002@4d5650ae]" started-at="2022-05-02T20:46:14 IST" name="loginDDT" data-provider="LoginData" finished-at="2022-05-02T20:46:21 IST" duration-ms="6317" status="FAIL">
          <params>
            <param index="0">
              <value>
                <![CDATA[uname4@gmail.com]]>
              </value>
            </param>
            <param index="1">
              <value>
                <![CDATA[Pass@001]]>
              </value>
            </param>
          </params>
          <exception class="java.lang.AssertionError">
            <message>
              <![CDATA[expected [true] but found [false]]]>
            </message>
            <full-stacktrace>
              <![CDATA[java.lang.AssertionError: expected [true] but found [false]
at org.testng.Assert.fail(Assert.java:110)
at org.testng.Assert.failNotEquals(Assert.java:1413)
at org.testng.Assert.assertTrue(Assert.java:56)
at org.testng.Assert.assertTrue(Assert.java:66)
at com.demoOpencart.testCases.TC_LoginDDT_002.loginDDT(TC_LoginDDT_002.java:42)
at java.base/jdk.internal.reflect.NativeMethodAccessorImpl.invoke0(Native Method)
at java.base/jdk.internal.reflect.NativeMethodAccessorImpl.invoke(NativeMethodAccessorImpl.java:62)
at java.base/jdk.internal.reflect.DelegatingMethodAccessorImpl.invoke(DelegatingMethodAccessorImpl.java:43)
at java.base/java.lang.reflect.Method.invoke(Method.java:566)
at org.testng.internal.invokers.MethodInvocationHelper.invokeMethod(MethodInvocationHelper.java:135)
at org.testng.internal.invokers.TestInvoker.invokeMethod(TestInvoker.java:673)
at org.testng.internal.invokers.TestInvoker.invokeTestMethod(TestInvoker.java:220)
at org.testng.internal.invokers.MethodRunner.runInSequence(MethodRunner.java:50)
at org.testng.internal.invokers.TestInvoker$MethodInvocationAgent.invoke(TestInvoker.java:945)
at org.testng.internal.invokers.TestInvoker.invokeTestMethods(TestInvoker.java:193)
at org.testng.internal.invokers.TestMethodWorker.invokeTestMethods(TestMethodWorker.java:146)
at org.testng.internal.invokers.TestMethodWorker.run(TestMethodWorker.java:128)
at java.base/java.util.ArrayList.forEach(ArrayList.java:1541)
at org.testng.TestRunner.privateRun(TestRunner.java:808)
at org.testng.TestRunner.run(TestRunner.java:603)
at org.testng.SuiteRunner.runTest(SuiteRunner.java:429)
at org.testng.SuiteRunner.runSequentially(SuiteRunner.java:423)
at org.testng.SuiteRunner.privateRun(SuiteRunner.java:383)
at org.testng.SuiteRunner.run(SuiteRunner.java:326)
at org.testng.SuiteRunnerWorker.runSuite(SuiteRunnerWorker.java:52)
at org.testng.SuiteRunnerWorker.run(SuiteRunnerWorker.java:95)
at org.testng.TestNG.runSuitesSequentially(TestNG.java:1249)
at org.testng.TestNG.runSuitesLocally(TestNG.java:1169)
at org.testng.TestNG.runSuites(TestNG.java:1092)
at org.testng.TestNG.run(TestNG.java:1060)
at org.testng.remote.AbstractRemoteTestNG.run(AbstractRemoteTestNG.java:115)
at org.testng.remote.RemoteTestNG.initAndRun(RemoteTestNG.java:251)
at org.testng.remote.RemoteTestNG.main(RemoteTestNG.java:77)
]]>
            </full-stacktrace>
          </exception> <!-- java.lang.AssertionError -->
          <reporter-output>
          </reporter-output>
        </test-method> <!-- loginDDT -->
        <test-method signature="loginDDT(java.lang.String,java.lang.String)[pri:0, instance:com.demoOpencart.testCases.TC_LoginDDT_002@4d5650ae]" started-at="2022-05-02T20:46:21 IST" name="loginDDT" data-provider="LoginData" finished-at="2022-05-02T20:46:27 IST" duration-ms="6550" status="FAIL">
          <params>
            <param index="0">
              <value>
                <![CDATA[uname5@gmail.com]]>
              </value>
            </param>
            <param index="1">
              <value>
                <![CDATA[Pass@002]]>
              </value>
            </param>
          </params>
          <exception class="java.lang.AssertionError">
            <message>
              <![CDATA[expected [true] but found [false]]]>
            </message>
            <full-stacktrace>
              <![CDATA[java.lang.AssertionError: expected [true] but found [false]
at org.testng.Assert.fail(Assert.java:110)
at org.testng.Assert.failNotEquals(Assert.java:1413)
at org.testng.Assert.assertTrue(Assert.java:56)
at org.testng.Assert.assertTrue(Assert.java:66)
at com.demoOpencart.testCases.TC_LoginDDT_002.loginDDT(TC_LoginDDT_002.java:42)
at java.base/jdk.internal.reflect.NativeMethodAccessorImpl.invoke0(Native Method)
at java.base/jdk.internal.reflect.NativeMethodAccessorImpl.invoke(NativeMethodAccessorImpl.java:62)
at java.base/jdk.internal.reflect.DelegatingMethodAccessorImpl.invoke(DelegatingMethodAccessorImpl.java:43)
at java.base/java.lang.reflect.Method.invoke(Method.java:566)
at org.testng.internal.invokers.MethodInvocationHelper.invokeMethod(MethodInvocationHelper.java:135)
at org.testng.internal.invokers.TestInvoker.invokeMethod(TestInvoker.java:673)
at org.testng.internal.invokers.TestInvoker.invokeTestMethod(TestInvoker.java:220)
at org.testng.internal.invokers.MethodRunner.runInSequence(MethodRunner.java:50)
at org.testng.internal.invokers.TestInvoker$MethodInvocationAgent.invoke(TestInvoker.java:945)
at org.testng.internal.invokers.TestInvoker.invokeTestMethods(TestInvoker.java:193)
at org.testng.internal.invokers.TestMethodWorker.invokeTestMethods(TestMethodWorker.java:146)
at org.testng.internal.invokers.TestMethodWorker.run(TestMethodWorker.java:128)
at java.base/java.util.ArrayList.forEach(ArrayList.java:1541)
at org.testng.TestRunner.privateRun(TestRunner.java:808)
at org.testng.TestRunner.run(TestRunner.java:603)
at org.testng.SuiteRunner.runTest(SuiteRunner.java:429)
at org.testng.SuiteRunner.runSequentially(SuiteRunner.java:423)
at org.testng.SuiteRunner.privateRun(SuiteRunner.java:383)
at org.testng.SuiteRunner.run(SuiteRunner.java:326)
at org.testng.SuiteRunnerWorker.runSuite(SuiteRunnerWorker.java:52)
at org.testng.SuiteRunnerWorker.run(SuiteRunnerWorker.java:95)
at org.testng.TestNG.runSuitesSequentially(TestNG.java:1249)
at org.testng.TestNG.runSuitesLocally(TestNG.java:1169)
at org.testng.TestNG.runSuites(TestNG.java:1092)
at org.testng.TestNG.run(TestNG.java:1060)
at org.testng.remote.AbstractRemoteTestNG.run(AbstractRemoteTestNG.java:115)
at org.testng.remote.RemoteTestNG.initAndRun(RemoteTestNG.java:251)
at org.testng.remote.RemoteTestNG.main(RemoteTestNG.java:77)
]]>
            </full-stacktrace>
          </exception> <!-- java.lang.AssertionError -->
          <reporter-output>
          </reporter-output>
        </test-method> <!-- loginDDT -->
        <test-method is-config="true" signature="tearDown()[pri:0, instance:com.demoOpencart.testCases.TC_LoginDDT_002@4d5650ae]" started-at="2022-05-02T20:46:27 IST" name="tearDown" finished-at="2022-05-02T20:46:28 IST" duration-ms="687" status="PASS">
          <reporter-output>
          </reporter-output>
        </test-method> <!-- tearDown -->
      </class> <!-- com.demoOpencart.testCases.TC_LoginDDT_002 -->
      <class name="com.demoOpencart.testCases.TC_OrderProductTest">
        <test-method is-config="true" signature="setup(java.lang.String)[pri:0, instance:com.demoOpencart.testCases.TC_OrderProductTest@6fdbe764]" started-at="2022-05-02T20:46:39 IST" name="setup" finished-at="2022-05-02T20:46:45 IST" duration-ms="5209" status="PASS">
          <params>
            <param index="0">
              <value>
                <![CDATA[chrome]]>
              </value>
            </param>
          </params>
          <reporter-output>
          </reporter-output>
        </test-method> <!-- setup -->
        <test-method signature="orderProductTest()[pri:0, instance:com.demoOpencart.testCases.TC_OrderProductTest@6fdbe764]" started-at="2022-05-02T20:46:45 IST" name="orderProductTest" finished-at="2022-05-02T20:47:14 IST" duration-ms="29531" status="PASS">
          <reporter-output>
          </reporter-output>
        </test-method> <!-- orderProductTest -->
        <test-method is-config="true" signature="tearDown()[pri:0, instance:com.demoOpencart.testCases.TC_OrderProductTest@6fdbe764]" started-at="2022-05-02T20:47:14 IST" name="tearDown" finished-at="2022-05-02T20:47:15 IST" duration-ms="1004" status="PASS">
          <reporter-output>
          </reporter-output>
        </test-method> <!-- tearDown -->
      </class> <!-- com.demoOpencart.testCases.TC_OrderProductTest -->
      <class name="com.demoOpencart.testCases.TC_LoginTest_001">
        <test-method is-config="true" signature="setup(java.lang.String)[pri:0, instance:com.demoOpencart.testCases.TC_LoginTest_001@4f80542f]" started-at="2022-05-02T20:45:13 IST" name="setup" finished-at="2022-05-02T20:45:21 IST" duration-ms="7773" status="PASS">
          <params>
            <param index="0">
              <value>
                <![CDATA[chrome]]>
              </value>
            </param>
          </params>
          <reporter-output>
          </reporter-output>
        </test-method> <!-- setup -->
        <test-method signature="loginTest()[pri:0, instance:com.demoOpencart.testCases.TC_LoginTest_001@4f80542f]" started-at="2022-05-02T20:45:21 IST" name="loginTest" finished-at="2022-05-02T20:45:28 IST" duration-ms="7405" status="PASS">
          <reporter-output>
          </reporter-output>
        </test-method> <!-- loginTest -->
        <test-method is-config="true" signature="tearDown()[pri:0, instance:com.demoOpencart.testCases.TC_LoginTest_001@4f80542f]" started-at="2022-05-02T20:45:28 IST" name="tearDown" finished-at="2022-05-02T20:45:29 IST" duration-ms="852" status="PASS">
          <reporter-output>
          </reporter-output>
        </test-method> <!-- tearDown -->
      </class> <!-- com.demoOpencart.testCases.TC_LoginTest_001 -->
    </test> <!-- Test -->
  </suite> <!-- Suite -->
</testng-results>
